<?xml version="1.0" encoding="UTF-8"?>
<!-- Generated by org.testng.reporters.JUnitXMLReporter -->
<testsuite hostname="DESKTOP-96NNTLC" ignored="2" tests="0" failures="0" timestamp="2022-09-23T22:43:24 IST" time="0.018" errors="0">
  <testcase name="bikeWebLogin" time="0.0" classname="TestNGTutorial._01BikeLoan">
    <ignored/>
  </testcase> <!-- bikeWebLogin -->
  <testcase name="bikeMobileLogin" time="0.0" classname="TestNGTutorial._01BikeLoan">
    <ignored/>
  </testcase> <!-- bikeMobileLogin -->
</testsuite>
