<?xml version="1.0" encoding="UTF-8"?>
<!-- Generated by org.testng.reporters.JUnitXMLReporter -->
<testsuite hostname="DESKTOP-96NNTLC" ignored="1" name="CarLoan" tests="1" failures="1" timestamp="2022-09-23T22:43:24 IST" time="0.085" errors="0">
  <testcase name="carLoanWebLogin" time="0.012" classname="TestNGTutorial._02CarLoan">
    <failure type="java.lang.AssertionError" message="expected [true] but found [false]">
      <![CDATA[java.lang.AssertionError: expected [true] but found [false]
at TestNGTutorial._02CarLoan.carLoanWebLogin(_02CarLoan.java:16)
at java.util.ArrayList.forEach(Unknown Source)
at java.util.concurrent.FutureTask.run(Unknown Source)
at java.util.concurrent.ThreadPoolExecutor.runWorker(Unknown Source)
at java.util.concurrent.ThreadPoolExecutor$Worker.run(Unknown Source)
at java.lang.Thread.run(Unknown Source)
... Removed 22 stack frames]]>
    </failure>
  </testcase> <!-- carLoanWebLogin -->
  <testcase name="carLoanMobileLogin" time="0.0" classname="TestNGTutorial._02CarLoan">
    <ignored/>
  </testcase> <!-- carLoanMobileLogin -->
</testsuite> <!-- CarLoan -->
