<?xml version="1.0" encoding="UTF-8"?>
<!-- Generated by org.testng.reporters.JUnitXMLReporter -->
<testsuite hostname="DESKTOP-96NNTLC" ignored="0" name="HomeLoan" tests="4" failures="0" timestamp="2022-09-23T22:43:24 IST" time="0.195" errors="0">
  <testcase name="homeLoanMobileLogin" time="0.057" classname="TestNGTutorial._03HomeLoan"/>
  <testcase name="homeLoanWebLogin" time="0.003" classname="TestNGTutorial._03HomeLoan"/>
  <testcase name="homeLoanWebLogin" time="0.004" classname="TestNGTutorial._03HomeLoan"/>
  <testcase name="homeLoanWebLogin" time="0.01" classname="TestNGTutorial._03HomeLoan"/>
</testsuite> <!-- HomeLoan -->
