<?xml version="1.0" encoding="UTF-8"?>
<!-- Generated by org.testng.reporters.JUnitXMLReporter -->
<testsuite hostname="DESKTOP-96NNTLC" ignored="1" name="packagelevel" tests="7" failures="1" timestamp="2022-09-23T22:43:24 IST" time="0.172" errors="0">
  <testcase name="bikeWebLogin" time="0.009" classname="TestNGTutorial._01BikeLoan"/>
  <testcase name="carLoanWebLogin" time="0.018" classname="TestNGTutorial._02CarLoan">
    <failure type="java.lang.AssertionError" message="expected [true] but found [false]">
      <![CDATA[java.lang.AssertionError: expected [true] but found [false]
at TestNGTutorial._02CarLoan.carLoanWebLogin(_02CarLoan.java:16)
at java.util.concurrent.ThreadPoolExecutor.runWorker(Unknown Source)
at java.util.concurrent.ThreadPoolExecutor$Worker.run(Unknown Source)
at java.lang.Thread.run(Unknown Source)
... Removed 16 stack frames]]>
    </failure>
  </testcase> <!-- carLoanWebLogin -->
  <testcase name="homeLoanMobileLogin" time="0.008" classname="TestNGTutorial._03HomeLoan"/>
  <testcase name="carLoanMobileLogin" time="0.0" classname="TestNGTutorial._02CarLoan">
    <skipped/>
  </testcase> <!-- carLoanMobileLogin -->
  <testcase name="homeLoanWebLogin" time="0.018" classname="TestNGTutorial._03HomeLoan"/>
  <testcase name="homeLoanWebLogin" time="0.003" classname="TestNGTutorial._03HomeLoan"/>
  <testcase name="homeLoanWebLogin" time="0.003" classname="TestNGTutorial._03HomeLoan"/>
  <testcase name="bikeMobileLogin" time="0.0" classname="TestNGTutorial._01BikeLoan">
    <ignored/>
  </testcase> <!-- bikeMobileLogin -->
</testsuite> <!-- packagelevel -->
