<?xml version="1.0" encoding="UTF-8"?>
<!-- Generated by org.testng.reporters.JUnitXMLReporter -->
<testsuite hostname="DESKTOP-96NNTLC" ignored="3" name="Loan" tests="3" failures="0" timestamp="2022-09-16T21:04:09 IST" time="0.08" errors="0">
  <testcase name="carLoanWebLogin" time="0.012" classname="TestNGTutorial._02CarLoan"/>
  <testcase name="homeLoanMobileLogin" time="0.001" classname="TestNGTutorial._03HomeLoan"/>
  <testcase name="homeLoanWebLogin" time="0.002" classname="TestNGTutorial._03HomeLoan"/>
  <testcase name="bikeWebLogin" time="0.0" classname="TestNGTutorial._01BikeLoan">
    <ignored/>
  </testcase> <!-- bikeWebLogin -->
  <testcase name="bikeMobileLogin" time="0.0" classname="TestNGTutorial._01BikeLoan">
    <ignored/>
  </testcase> <!-- bikeMobileLogin -->
  <testcase name="carLoanMobileLogin" time="0.0" classname="TestNGTutorial._02CarLoan">
    <ignored/>
  </testcase> <!-- carLoanMobileLogin -->
</testsuite> <!-- Loan -->
