<?xml version="1.0" encoding="UTF-8"?>
<!-- Generated by org.testng.reporters.JUnitXMLReporter -->
<testsuite hostname="DESKTOP-96NNTLC" ignored="0" name="Test" tests="6" failures="0" timestamp="2022-09-16T20:55:20 IST" time="0.113" errors="0">
  <testcase name="bikeMobileLogin" time="0.014" classname="TestNGTutorial._01BikeLoan"/>
  <testcase name="bikeWebLogin" time="0.002" classname="TestNGTutorial._01BikeLoan"/>
  <testcase name="carLoanMobileLogin" time="0.005" classname="TestNGTutorial._02CarLoan"/>
  <testcase name="carLoanWebLogin" time="0.002" classname="TestNGTutorial._02CarLoan"/>
  <testcase name="homeLoanMobileLogin" time="0.002" classname="TestNGTutorial._03HomeLoan"/>
  <testcase name="homeLoanWebLogin" time="0.005" classname="TestNGTutorial._03HomeLoan"/>
</testsuite> <!-- Test -->
