<?xml version="1.0" encoding="UTF-8"?>
<!-- Generated by org.testng.reporters.JUnitXMLReporter -->
<testsuite hostname="DESKTOP-96NNTLC" ignored="1" name="annotatoions2" tests="3" failures="0" timestamp="2022-09-20T22:13:16 IST" time="0.037" errors="0">
  <testcase name="bikeWebLogin" time="0.002" classname="TestNGTutorial._01BikeLoan"/>
  <testcase name="carLoanWebLogin" time="0.007" classname="TestNGTutorial._02CarLoan"/>
  <testcase name="carLoanMobileLogin" time="0.004" classname="TestNGTutorial._02CarLoan"/>
  <testcase name="bikeMobileLogin" time="0.0" classname="TestNGTutorial._01BikeLoan">
    <ignored/>
  </testcase> <!-- bikeMobileLogin -->
</testsuite> <!-- annotatoions2 -->
