<?xml version="1.0" encoding="UTF-8"?>
<!-- Generated by org.testng.reporters.JUnitXMLReporter -->
<testsuite hostname="DESKTOP-96NNTLC" ignored="1" name="annotaionsUsage" tests="5" failures="0" timestamp="2022-09-20T22:13:15 IST" time="0.106" errors="0">
  <testcase name="homeLoanMobileLogin" time="0.01" classname="TestNGTutorial._03HomeLoan"/>
  <testcase name="homeLoanWebLogin" time="0.001" classname="TestNGTutorial._03HomeLoan"/>
  <testcase name="carLoanWebLogin" time="0.002" classname="TestNGTutorial._02CarLoan"/>
  <testcase name="carLoanMobileLogin" time="0.003" classname="TestNGTutorial._02CarLoan"/>
  <testcase name="bikeWebLogin" time="0.006" classname="TestNGTutorial._01BikeLoan"/>
  <testcase name="bikeMobileLogin" time="0.0" classname="TestNGTutorial._01BikeLoan">
    <ignored/>
  </testcase> <!-- bikeMobileLogin -->
</testsuite> <!-- annotaionsUsage -->
