<?xml version="1.0" encoding="UTF-8"?>
<!-- Generated by org.testng.reporters.JUnitXMLReporter -->
<testsuite hostname="DESKTOP-96NNTLC" ignored="3" name="SmokeTest" tests="3" failures="0" timestamp="2022-09-19T22:02:44 IST" time="0.034" errors="0">
  <testcase name="homeLoanWebLogin" time="0.003" classname="TestNGTutorial._03HomeLoan"/>
  <testcase name="carLoanWebLogin" time="0.005" classname="TestNGTutorial._02CarLoan"/>
  <testcase name="bikeWebLogin" time="0.004" classname="TestNGTutorial._01BikeLoan"/>
  <testcase name="homeLoanMobileLogin" time="0.0" classname="TestNGTutorial._03HomeLoan">
    <ignored/>
  </testcase> <!-- homeLoanMobileLogin -->
  <testcase name="bikeMobileLogin" time="0.0" classname="TestNGTutorial._01BikeLoan">
    <ignored/>
  </testcase> <!-- bikeMobileLogin -->
  <testcase name="carLoanMobileLogin" time="0.0" classname="TestNGTutorial._02CarLoan">
    <ignored/>
  </testcase> <!-- carLoanMobileLogin -->
</testsuite> <!-- SmokeTest -->
